0 info it worked if it ends with ok
1 verbose cli [ 'C:\\Program Files\\nodejs\\node.exe',
1 verbose cli   'C:\\Program Files\\nodejs\\node_modules\\npm\\bin\\npm-cli.js',
1 verbose cli   'run',
1 verbose cli   'lint' ]
2 info using npm@3.10.10
3 info using node@v6.11.3
4 verbose run-script [ 'prelint', 'lint', 'postlint' ]
5 info lifecycle tinkoff_fintech_frontend_3@1.0.0~prelint: tinkoff_fintech_frontend_3@1.0.0
6 silly lifecycle tinkoff_fintech_frontend_3@1.0.0~prelint: no script for prelint, continuing
7 info lifecycle tinkoff_fintech_frontend_3@1.0.0~lint: tinkoff_fintech_frontend_3@1.0.0
8 verbose lifecycle tinkoff_fintech_frontend_3@1.0.0~lint: unsafe-perm in lifecycle true
9 verbose lifecycle tinkoff_fintech_frontend_3@1.0.0~lint: PATH: C:\Program Files\nodejs\node_modules\npm\bin\node-gyp-bin;C:\Users\mariia\Fintech-Javascript-3\node_modules\.bin;C:\Program Files\nodejs\node_modules\npm\bin\node-gyp-bin;C:\Users\mariia\Fintech-Javascript-3\node_modules\.bin;C:\Users\mariia\AppData\Roaming\npm;C:\Program Files\nodejs\;C:\ProgramData\Oracle\Java\javapath;C:\Program Files (x86)\Intel\OpenCL SDK\6.3\bin\x64;C:\Program Files (x86)\Intel\OpenCL SDK\6.3\bin\x86;C:\Program Files (x86)\Intel\OpenCL SDK\6.3\bin\Pin;C:\Program Files (x86)\Intel\OpenCL SDK\6.3\bin\GTPin;C:\Windows\system32;C:\Windows;C:\Windows\System32\Wbem;C:\Windows\System32\WindowsPowerShell\v1.0\;C:\Users\mariia\AppData\Local\Continuum\Miniconda3;C:\Program Files (x86)\NVIDIA Corporation\PhysX\Common;C:\Program Files\Git\cmd;C:\Program Files\nodejs\;C:\Program Files\maven\bin;C:\Users\mariia\Downloads\geckodriver-v0.19.0-win64;C:\Program Files\dotnet\;C:\Users\mariia\.dotnet\ffmpeg-3.4-win64-static\bin;C:\Users\mariia\Anaconda2;C:\Users\mariia\Anaconda2\Scripts;C:\Users\mariia\Anaconda2\Library\bin;C:\Users\mariia\AppData\Local\Microsoft\WindowsApps;C:\Users\mariia\AppData\Local\Google\Cloud SDK\google-cloud-sdk\bin;C:\Program Files (x86)\Microsoft VS Code\bin;C:\Users\mariia\AppData\Roaming\npm;C:\Program Files\maven\bin;C:\Users\mariia\.dotnet\ffmpeg-3.4-win64-static\bin\ffmpeg.exe -codecs;
10 verbose lifecycle tinkoff_fintech_frontend_3@1.0.0~lint: CWD: C:\Users\mariia\Fintech-Javascript-3
11 silly lifecycle tinkoff_fintech_frontend_3@1.0.0~lint: Args: [ '/d /s /c', 'eslint ./07/*/*.js' ]
12 silly lifecycle tinkoff_fintech_frontend_3@1.0.0~lint: Returned: code: 1  signal: null
13 info lifecycle tinkoff_fintech_frontend_3@1.0.0~lint: Failed to exec lint script
14 verbose stack Error: tinkoff_fintech_frontend_3@1.0.0 lint: `eslint ./07/*/*.js`
14 verbose stack Exit status 1
14 verbose stack     at EventEmitter.<anonymous> (C:\Program Files\nodejs\node_modules\npm\lib\utils\lifecycle.js:255:16)
14 verbose stack     at emitTwo (events.js:106:13)
14 verbose stack     at EventEmitter.emit (events.js:191:7)
14 verbose stack     at ChildProcess.<anonymous> (C:\Program Files\nodejs\node_modules\npm\lib\utils\spawn.js:40:14)
14 verbose stack     at emitTwo (events.js:106:13)
14 verbose stack     at ChildProcess.emit (events.js:191:7)
14 verbose stack     at maybeClose (internal/child_process.js:920:16)
14 verbose stack     at Process.ChildProcess._handle.onexit (internal/child_process.js:230:5)
15 verbose pkgid tinkoff_fintech_frontend_3@1.0.0
16 verbose cwd C:\Users\mariia\Fintech-Javascript-3
17 error Windows_NT 10.0.15063
18 error argv "C:\\Program Files\\nodejs\\node.exe" "C:\\Program Files\\nodejs\\node_modules\\npm\\bin\\npm-cli.js" "run" "lint"
19 error node v6.11.3
20 error npm  v3.10.10
21 error code ELIFECYCLE
22 error tinkoff_fintech_frontend_3@1.0.0 lint: `eslint ./07/*/*.js`
22 error Exit status 1
23 error Failed at the tinkoff_fintech_frontend_3@1.0.0 lint script 'eslint ./07/*/*.js'.
23 error Make sure you have the latest version of node.js and npm installed.
23 error If you do, this is most likely a problem with the tinkoff_fintech_frontend_3 package,
23 error not with npm itself.
23 error Tell the author that this fails on your system:
23 error     eslint ./07/*/*.js
23 error You can get information on how to open an issue for this project with:
23 error     npm bugs tinkoff_fintech_frontend_3
23 error Or if that isn't available, you can get their info via:
23 error     npm owner ls tinkoff_fintech_frontend_3
23 error There is likely additional logging output above.
24 verbose exit [ 1, true ]
